# JRE version: Java(TM) SE Runtime Environment (8.0_60-b27) (build 1.8.0_60-b27)
# Java VM: Java HotSpot(TM) 64-Bit Server VM (25.60-b23 mixed mode windows-amd64 compressed oops)
Heap:
 PSYoungGen      total 114688K, used 109639K [0x00000000d5800000, 0x00000000dda80000, 0x0000000100000000)
  eden space 114176K, 95% used [0x00000000d5800000,0x00000000dc309fd0,0x00000000dc780000)
  from space 512K, 6% used [0x00000000dda00000,0x00000000dda08000,0x00000000dda80000)
  to   space 1024K, 0% used [0x00000000dd880000,0x00000000dd880000,0x00000000dd980000)
 ParOldGen       total 87552K, used 336K [0x0000000080800000, 0x0000000085d80000, 0x00000000d5800000)
  object space 87552K, 0% used [0x0000000080800000,0x0000000080854050,0x0000000085d80000)
 Metaspace       used 2552K, capacity 4564K, committed 4864K, reserved 1056768K
  class space    used 283K, capacity 388K, committed 512K, reserved 1048576K
GC Heap History (10 events):
Event: 1.305 GC heap before
{Heap before GC invocations=14 (full 0):
 PSYoungGen      total 133632K, used 133184K [0x00000000d5800000, 0x00000000ddb00000, 0x0000000100000000)
  eden space 133120K, 100% used [0x00000000d5800000,0x00000000dda00000,0x00000000dda00000)
  from space 512K, 12% used [0x00000000dda00000,0x00000000dda10000,0x00000000dda80000)
  to   space 512K, 0% used [0x00000000dda80000,0x00000000dda80000,0x00000000ddb00000)
 ParOldGen       total 87552K, used 336K [0x0000000080800000, 0x0000000085d80000, 0x00000000d5800000)
  object space 87552K, 0% used [0x0000000080800000,0x0000000080854050,0x0000000085d80000)
 Metaspace       used 2552K, capacity 4564K, committed 4864K, reserved 1056768K
  class space    used 283K, capacity 388K, committed 512K, reserved 1048576K
Event: 1.307 GC heap after
Heap after GC invocations=14 (full 0):
 PSYoungGen      total 133632K, used 128K [0x00000000d5800000, 0x00000000ddb00000, 0x0000000100000000)
  eden space 133120K, 0% used [0x00000000d5800000,0x00000000d5800000,0x00000000dda00000)
  from space 512K, 25% used [0x00000000dda80000,0x00000000ddaa0000,0x00000000ddb00000)
  to   space 512K, 0% used [0x00000000dda00000,0x00000000dda00000,0x00000000dda80000)
 ParOldGen       total 87552K, used 336K [0x0000000080800000, 0x0000000085d80000, 0x00000000d5800000)
  object space 87552K, 0% used [0x0000000080800000,0x0000000080854050,0x0000000085d80000)
 Metaspace       used 2552K, capacity 4564K, committed 4864K, reserved 1056768K
  class space    used 283K, capacity 388K, committed 512K, reserved 1048576K
}
Event: 1.407 GC heap before
{Heap before GC invocations=15 (full 0):
 PSYoungGen      total 133632K, used 133248K [0x00000000d5800000, 0x00000000ddb00000, 0x0000000100000000)
  eden space 133120K, 100% used [0x00000000d5800000,0x00000000dda00000,0x00000000dda00000)
  from space 512K, 25% used [0x00000000dda80000,0x00000000ddaa0000,0x00000000ddb00000)
  to   space 512K, 0% used [0x00000000dda00000,0x00000000dda00000,0x00000000dda80000)
 ParOldGen       total 87552K, used 336K [0x0000000080800000, 0x0000000085d80000, 0x00000000d5800000)
  object space 87552K, 0% used [0x0000000080800000,0x0000000080854050,0x0000000085d80000)
 Metaspace       used 2552K, capacity 4564K, committed 4864K, reserved 1056768K
  class space    used 283K, capacity 388K, committed 512K, reserved 1048576K
Event: 1.408 GC heap after
Heap after GC invocations=15 (full 0):
 PSYoungGen      total 128512K, used 128K [0x00000000d5800000, 0x00000000ddb00000, 0x0000000100000000)
  eden space 128000K, 0% used [0x00000000d5800000,0x00000000d5800000,0x00000000dd500000)
  from space 512K, 25% used [0x00000000dda00000,0x00000000dda20000,0x00000000dda80000)
  to   space 512K, 0% used [0x00000000dda80000,0x00000000dda80000,0x00000000ddb00000)
 ParOldGen       total 87552K, used 336K [0x0000000080800000, 0x0000000085d80000, 0x00000000d5800000)
  object space 87552K, 0% used [0x0000000080800000,0x0000000080854050,0x0000000085d80000)
 Metaspace       used 2552K, capacity 4564K, committed 4864K, reserved 1056768K
  class space    used 283K, capacity 388K, committed 512K, reserved 1048576K
}
Event: 1.517 GC heap before
{Heap before GC invocations=16 (full 0):
 PSYoungGen      total 128512K, used 128128K [0x00000000d5800000, 0x00000000ddb00000, 0x0000000100000000)
  eden space 128000K, 100% used [0x00000000d5800000,0x00000000dd500000,0x00000000dd500000)
  from space 512K, 25% used [0x00000000dda00000,0x00000000dda20000,0x00000000dda80000)
  to   space 512K, 0% used [0x00000000dda80000,0x00000000dda80000,0x00000000ddb00000)
 ParOldGen       total 87552K, used 336K [0x0000000080800000, 0x0000000085d80000, 0x00000000d5800000)
  object space 87552K, 0% used [0x0000000080800000,0x0000000080854050,0x0000000085d80000)
 Metaspace       used 2552K, capacity 4564K, committed 4864K, reserved 1056768K
  class space    used 283K, capacity 388K, committed 512K, reserved 1048576K
Event: 1.518 GC heap after
Heap after GC invocations=16 (full 0):
 PSYoungGen      total 123904K, used 96K [0x00000000d5800000, 0x00000000ddb00000, 0x0000000100000000)
  eden space 123392K, 0% used [0x00000000d5800000,0x00000000d5800000,0x00000000dd080000)
  from space 512K, 18% used [0x00000000dda80000,0x00000000dda98000,0x00000000ddb00000)
  to   space 1024K, 0% used [0x00000000dd900000,0x00000000dd900000,0x00000000dda00000)
 ParOldGen       total 87552K, used 336K [0x0000000080800000, 0x0000000085d80000, 0x00000000d5800000)
  object space 87552K, 0% used [0x0000000080800000,0x0000000080854050,0x0000000085d80000)
 Metaspace       used 2552K, capacity 4564K, committed 4864K, reserved 1056768K
  class space    used 283K, capacity 388K, committed 512K, reserved 1048576K
}
Event: 1.615 GC heap before
{Heap before GC invocations=17 (full 0):
 PSYoungGen      total 123904K, used 123488K [0x00000000d5800000, 0x00000000ddb00000, 0x0000000100000000)
  eden space 123392K, 100% used [0x00000000d5800000,0x00000000dd080000,0x00000000dd080000)
  from space 512K, 18% used [0x00000000dda80000,0x00000000dda98000,0x00000000ddb00000)
  to   space 1024K, 0% used [0x00000000dd900000,0x00000000dd900000,0x00000000dda00000)
 ParOldGen       total 87552K, used 336K [0x0000000080800000, 0x0000000085d80000, 0x00000000d5800000)
  object space 87552K, 0% used [0x0000000080800000,0x0000000080854050,0x0000000085d80000)
 Metaspace       used 2552K, capacity 4564K, committed 4864K, reserved 1056768K
  class space    used 283K, capacity 388K, committed 512K, reserved 1048576K
Event: 1.616 GC heap after
Heap after GC invocations=17 (full 0):
 PSYoungGen      total 119808K, used 64K [0x00000000d5800000, 0x00000000ddb00000, 0x0000000100000000)
  eden space 118784K, 0% used [0x00000000d5800000,0x00000000d5800000,0x00000000dcc00000)
  from space 1024K, 6% used [0x00000000dd900000,0x00000000dd910000,0x00000000dda00000)
  to   space 1024K, 0% used [0x00000000dda00000,0x00000000dda00000,0x00000000ddb00000)
 ParOldGen       total 87552K, used 336K [0x0000000080800000, 0x0000000085d80000, 0x00000000d5800000)
  object space 87552K, 0% used [0x0000000080800000,0x0000000080854050,0x0000000085d80000)
 Metaspace       used 2552K, capacity 4564K, committed 4864K, reserved 1056768K
  class space    used 283K, capacity 388K, committed 512K, reserved 1048576K
}
Event: 1.721 GC heap before
{Heap before GC invocations=18 (full 0):
 PSYoungGen      total 119808K, used 118848K [0x00000000d5800000, 0x00000000ddb00000, 0x0000000100000000)
  eden space 118784K, 100% used [0x00000000d5800000,0x00000000dcc00000,0x00000000dcc00000)
  from space 1024K, 6% used [0x00000000dd900000,0x00000000dd910000,0x00000000dda00000)
  to   space 1024K, 0% used [0x00000000dda00000,0x00000000dda00000,0x00000000ddb00000)
 ParOldGen       total 87552K, used 336K [0x0000000080800000, 0x0000000085d80000, 0x00000000d5800000)
  object space 87552K, 0% used [0x0000000080800000,0x0000000080854050,0x0000000085d80000)
 Metaspace       used 2552K, capacity 4564K, committed 4864K, reserved 1056768K
  class space    used 283K, capacity 388K, committed 512K, reserved 1048576K
Event: 1.722 GC heap after
Heap after GC invocations=18 (full 0):
 PSYoungGen      total 114688K, used 32K [0x00000000d5800000, 0x00000000dda80000, 0x0000000100000000)
  eden space 114176K, 0% used [0x00000000d5800000,0x00000000d5800000,0x00000000dc780000)
  from space 512K, 6% used [0x00000000dda00000,0x00000000dda08000,0x00000000dda80000)
  to   space 1024K, 0% used [0x00000000dd880000,0x00000000dd880000,0x00000000dd980000)
 ParOldGen       total 87552K, used 336K [0x0000000080800000, 0x0000000085d80000, 0x00000000d5800000)
  object space 87552K, 0% used [0x0000000080800000,0x0000000080854050,0x0000000085d80000)
 Metaspace       used 2552K, capacity 4564K, committed 4864K, reserved 1056768K
  class space    used 283K, capacity 388K, committed 512K, reserved 1048576K
}

