# JRE version: Java(TM) SE Runtime Environment (8.0_60-b27) (build 1.8.0_60-b27)
# Java VM: Java HotSpot(TM) 64-Bit Server VM (25.60-b23 mixed mode windows-amd64 compressed oops)
Heap:
 PSYoungGen      total 133632K, used 109114K [0x00000000d5800000, 0x00000000ddb00000, 0x0000000100000000)
  eden space 133120K, 81% used [0x00000000d5800000,0x00000000dc27eae0,0x00000000dda00000)
  from space 512K, 12% used [0x00000000dda80000,0x00000000dda90000,0x00000000ddb00000)
  to   space 512K, 0% used [0x00000000dda00000,0x00000000dda00000,0x00000000dda80000)
 ParOldGen       total 87552K, used 344K [0x0000000080800000, 0x0000000085d80000, 0x00000000d5800000)
  object space 87552K, 0% used [0x0000000080800000,0x0000000080856050,0x0000000085d80000)
 Metaspace       used 2552K, capacity 4564K, committed 4864K, reserved 1056768K
  class space    used 283K, capacity 388K, committed 512K, reserved 1048576K
GC Heap History (10 events):
Event: 0.487 GC heap before
{Heap before GC invocations=4 (full 0):
 PSYoungGen      total 38400K, used 33728K [0x00000000d5800000, 0x00000000da300000, 0x0000000100000000)
  eden space 33280K, 100% used [0x00000000d5800000,0x00000000d7880000,0x00000000d7880000)
  from space 5120K, 8% used [0x00000000d7880000,0x00000000d78f0020,0x00000000d7d80000)
  to   space 5120K, 0% used [0x00000000d9e00000,0x00000000d9e00000,0x00000000da300000)
 ParOldGen       total 87552K, used 8K [0x0000000080800000, 0x0000000085d80000, 0x00000000d5800000)
  object space 87552K, 0% used [0x0000000080800000,0x0000000080802000,0x0000000085d80000)
 Metaspace       used 2545K, capacity 4564K, committed 4864K, reserved 1056768K
  class space    used 283K, capacity 388K, committed 512K, reserved 1048576K
Event: 0.490 GC heap after
Heap after GC invocations=4 (full 0):
 PSYoungGen      total 71680K, used 352K [0x00000000d5800000, 0x00000000da300000, 0x0000000100000000)
  eden space 66560K, 0% used [0x00000000d5800000,0x00000000d5800000,0x00000000d9900000)
  from space 5120K, 6% used [0x00000000d9e00000,0x00000000d9e58020,0x00000000da300000)
  to   space 5120K, 0% used [0x00000000d9900000,0x00000000d9900000,0x00000000d9e00000)
 ParOldGen       total 87552K, used 8K [0x0000000080800000, 0x0000000085d80000, 0x00000000d5800000)
  object space 87552K, 0% used [0x0000000080800000,0x0000000080802000,0x0000000085d80000)
 Metaspace       used 2545K, capacity 4564K, committed 4864K, reserved 1056768K
  class space    used 283K, capacity 388K, committed 512K, reserved 1048576K
}
Event: 0.612 GC heap before
{Heap before GC invocations=5 (full 0):
 PSYoungGen      total 71680K, used 66912K [0x00000000d5800000, 0x00000000da300000, 0x0000000100000000)
  eden space 66560K, 100% used [0x00000000d5800000,0x00000000d9900000,0x00000000d9900000)
  from space 5120K, 6% used [0x00000000d9e00000,0x00000000d9e58020,0x00000000da300000)
  to   space 5120K, 0% used [0x00000000d9900000,0x00000000d9900000,0x00000000d9e00000)
 ParOldGen       total 87552K, used 8K [0x0000000080800000, 0x0000000085d80000, 0x00000000d5800000)
  object space 87552K, 0% used [0x0000000080800000,0x0000000080802000,0x0000000085d80000)
 Metaspace       used 2552K, capacity 4564K, committed 4864K, reserved 1056768K
  class space    used 283K, capacity 388K, committed 512K, reserved 1048576K
Event: 0.615 GC heap after
Heap after GC invocations=5 (full 0):
 PSYoungGen      total 71680K, used 368K [0x00000000d5800000, 0x00000000ddb00000, 0x0000000100000000)
  eden space 66560K, 0% used [0x00000000d5800000,0x00000000d5800000,0x00000000d9900000)
  from space 5120K, 7% used [0x00000000d9900000,0x00000000d995c010,0x00000000d9e00000)
  to   space 512K, 0% used [0x00000000dda80000,0x00000000dda80000,0x00000000ddb00000)
 ParOldGen       total 87552K, used 8K [0x0000000080800000, 0x0000000085d80000, 0x00000000d5800000)
  object space 87552K, 0% used [0x0000000080800000,0x0000000080802000,0x0000000085d80000)
 Metaspace       used 2552K, capacity 4564K, committed 4864K, reserved 1056768K
  class space    used 283K, capacity 388K, committed 512K, reserved 1048576K
}
Event: 0.708 GC heap before
{Heap before GC invocations=6 (full 0):
 PSYoungGen      total 71680K, used 66928K [0x00000000d5800000, 0x00000000ddb00000, 0x0000000100000000)
  eden space 66560K, 100% used [0x00000000d5800000,0x00000000d9900000,0x00000000d9900000)
  from space 5120K, 7% used [0x00000000d9900000,0x00000000d995c010,0x00000000d9e00000)
  to   space 512K, 0% used [0x00000000dda80000,0x00000000dda80000,0x00000000ddb00000)
 ParOldGen       total 87552K, used 8K [0x0000000080800000, 0x0000000085d80000, 0x00000000d5800000)
  object space 87552K, 0% used [0x0000000080800000,0x0000000080802000,0x0000000085d80000)
 Metaspace       used 2552K, capacity 4564K, committed 4864K, reserved 1056768K
  class space    used 283K, capacity 388K, committed 512K, reserved 1048576K
Event: 0.711 GC heap after
Heap after GC invocations=6 (full 0):
 PSYoungGen      total 133632K, used 416K [0x00000000d5800000, 0x00000000ddb00000, 0x0000000100000000)
  eden space 133120K, 0% used [0x00000000d5800000,0x00000000d5800000,0x00000000dda00000)
  from space 512K, 81% used [0x00000000dda80000,0x00000000ddae8000,0x00000000ddb00000)
  to   space 512K, 0% used [0x00000000dda00000,0x00000000dda00000,0x00000000dda80000)
 ParOldGen       total 87552K, used 16K [0x0000000080800000, 0x0000000085d80000, 0x00000000d5800000)
  object space 87552K, 0% used [0x0000000080800000,0x0000000080804000,0x0000000085d80000)
 Metaspace       used 2552K, capacity 4564K, committed 4864K, reserved 1056768K
  class space    used 283K, capacity 388K, committed 512K, reserved 1048576K
}
Event: 0.971 GC heap before
{Heap before GC invocations=7 (full 0):
 PSYoungGen      total 133632K, used 133536K [0x00000000d5800000, 0x00000000ddb00000, 0x0000000100000000)
  eden space 133120K, 100% used [0x00000000d5800000,0x00000000dda00000,0x00000000dda00000)
  from space 512K, 81% used [0x00000000dda80000,0x00000000ddae8000,0x00000000ddb00000)
  to   space 512K, 0% used [0x00000000dda00000,0x00000000dda00000,0x00000000dda80000)
 ParOldGen       total 87552K, used 16K [0x0000000080800000, 0x0000000085d80000, 0x00000000d5800000)
  object space 87552K, 0% used [0x0000000080800000,0x0000000080804000,0x0000000085d80000)
 Metaspace       used 2552K, capacity 4564K, committed 4864K, reserved 1056768K
  class space    used 283K, capacity 388K, committed 512K, reserved 1048576K
Event: 0.974 GC heap after
Heap after GC invocations=7 (full 0):
 PSYoungGen      total 133632K, used 0K [0x00000000d5800000, 0x00000000ddb00000, 0x0000000100000000)
  eden space 133120K, 0% used [0x00000000d5800000,0x00000000d5800000,0x00000000dda00000)
  from space 512K, 0% used [0x00000000dda00000,0x00000000dda00000,0x00000000dda80000)
  to   space 512K, 0% used [0x00000000dda80000,0x00000000dda80000,0x00000000ddb00000)
 ParOldGen       total 87552K, used 344K [0x0000000080800000, 0x0000000085d80000, 0x00000000d5800000)
  object space 87552K, 0% used [0x0000000080800000,0x0000000080856050,0x0000000085d80000)
 Metaspace       used 2552K, capacity 4564K, committed 4864K, reserved 1056768K
  class space    used 283K, capacity 388K, committed 512K, reserved 1048576K
}
Event: 1.167 GC heap before
{Heap before GC invocations=8 (full 0):
 PSYoungGen      total 133632K, used 133120K [0x00000000d5800000, 0x00000000ddb00000, 0x0000000100000000)
  eden space 133120K, 100% used [0x00000000d5800000,0x00000000dda00000,0x00000000dda00000)
  from space 512K, 0% used [0x00000000dda00000,0x00000000dda00000,0x00000000dda80000)
  to   space 512K, 0% used [0x00000000dda80000,0x00000000dda80000,0x00000000ddb00000)
 ParOldGen       total 87552K, used 344K [0x0000000080800000, 0x0000000085d80000, 0x00000000d5800000)
  object space 87552K, 0% used [0x0000000080800000,0x0000000080856050,0x0000000085d80000)
 Metaspace       used 2552K, capacity 4564K, committed 4864K, reserved 1056768K
  class space    used 283K, capacity 388K, committed 512K, reserved 1048576K
Event: 1.169 GC heap after
Heap after GC invocations=8 (full 0):
 PSYoungGen      total 133632K, used 64K [0x00000000d5800000, 0x00000000ddb00000, 0x0000000100000000)
  eden space 133120K, 0% used [0x00000000d5800000,0x00000000d5800000,0x00000000dda00000)
  from space 512K, 12% used [0x00000000dda80000,0x00000000dda90000,0x00000000ddb00000)
  to   space 512K, 0% used [0x00000000dda00000,0x00000000dda00000,0x00000000dda80000)
 ParOldGen       total 87552K, used 344K [0x0000000080800000, 0x0000000085d80000, 0x00000000d5800000)
  object space 87552K, 0% used [0x0000000080800000,0x0000000080856050,0x0000000085d80000)
 Metaspace       used 2552K, capacity 4564K, committed 4864K, reserved 1056768K
  class space    used 283K, capacity 388K, committed 512K, reserved 1048576K
}

